# JRE version: Java(TM) SE Runtime Environment (24.0.2+12) (build 24.0.2+12-54)
# Java VM: Java HotSpot(TM) 64-Bit Server VM (24.0.2+12-54, mixed mode, sharing, tiered, compressed oops, compressed class ptrs, parallel gc, windows-amd64)
GC Precious Log:
 CardTable entry size: 512
 CPUs: 4 total, 4 available
 Memory: 6020M
 Large Page Support: Disabled
 NUMA Support: Disabled
 Compressed Oops: Enabled (32-bit)
 Alignments: Space 512K, Generation 512K, Heap 2M
 Heap Min Capacity: 100M
 Heap Initial Capacity: 100M
 Heap Max Capacity: 2G
 Pre-touch: Disabled
 Parallel Workers: 4
Heap:
 PSYoungGen      total 37888K, used 14820K [0x00000000d5580000, 0x00000000d7d00000, 0x0000000100000000)
  eden space 37376K, 38% used [0x00000000d5580000,0x00000000d63892d8,0x00000000d7a00000)
  from space 512K, 87% used [0x00000000d7b00000,0x00000000d7b70040,0x00000000d7b80000)
  to   space 1024K, 0% used [0x00000000d7c00000,0x00000000d7c00000,0x00000000d7d00000)
 ParOldGen       total 107008K, used 106869K [0x0000000080000000, 0x0000000086880000, 0x00000000d5580000)
  object space 107008K, 99% used [0x0000000080000000,0x000000008685d540,0x0000000086880000)
 Metaspace       used 70144K, committed 71616K, reserved 1114112K
  class space    used 6518K, committed 7104K, reserved 1048576K
GC Heap History (20 events):
Event: 847.885 GC heap before
{Heap before GC invocations=53 (full 3):
 PSYoungGen      total 29184K, used 6689K [0x00000000d5580000, 0x00000000d7a00000, 0x0000000100000000)
  eden space 28160K, 20% used [0x00000000d5580000,0x00000000d5b10480,0x00000000d7100000)
  from space 1024K, 96% used [0x00000000d7580000,0x00000000d7678010,0x00000000d7680000)
  to   space 4608K, 0% used [0x00000000d7100000,0x00000000d7100000,0x00000000d7580000)
 ParOldGen       total 86016K, used 85921K [0x0000000080000000, 0x0000000085400000, 0x00000000d5580000)
  object space 86016K, 99% used [0x0000000080000000,0x00000000853e8438,0x0000000085400000)
 Metaspace       used 59057K, committed 60288K, reserved 1114112K
  class space    used 5364K, committed 5888K, reserved 1048576K
}
Event: 848.122 GC heap after
{Heap after GC invocations=53 (full 3):
 PSYoungGen      total 29184K, used 0K [0x00000000d5580000, 0x00000000d7a00000, 0x0000000100000000)
  eden space 28160K, 0% used [0x00000000d5580000,0x00000000d5580000,0x00000000d7100000)
  from space 1024K, 0% used [0x00000000d7580000,0x00000000d7580000,0x00000000d7680000)
  to   space 4608K, 0% used [0x00000000d7100000,0x00000000d7100000,0x00000000d7580000)
 ParOldGen       total 86016K, used 68210K [0x0000000080000000, 0x0000000085400000, 0x00000000d5580000)
  object space 86016K, 79% used [0x0000000080000000,0x000000008429c9a8,0x0000000085400000)
 Metaspace       used 59055K, committed 60288K, reserved 1114112K
  class space    used 5363K, committed 5888K, reserved 1048576K
}
Event: 849.303 GC heap before
{Heap before GC invocations=54 (full 3):
 PSYoungGen      total 29184K, used 27998K [0x00000000d5580000, 0x00000000d7a00000, 0x0000000100000000)
  eden space 28160K, 99% used [0x00000000d5580000,0x00000000d70d7a80,0x00000000d7100000)
  from space 1024K, 0% used [0x00000000d7580000,0x00000000d7580000,0x00000000d7680000)
  to   space 4608K, 0% used [0x00000000d7100000,0x00000000d7100000,0x00000000d7580000)
 ParOldGen       total 86016K, used 68210K [0x0000000080000000, 0x0000000085400000, 0x00000000d5580000)
  object space 86016K, 79% used [0x0000000080000000,0x000000008429c9a8,0x0000000085400000)
 Metaspace       used 60704K, committed 62016K, reserved 1114112K
  class space    used 5516K, committed 6016K, reserved 1048576K
}
Event: 849.307 GC heap after
{Heap after GC invocations=54 (full 3):
 PSYoungGen      total 32256K, used 4514K [0x00000000d5580000, 0x00000000d7a80000, 0x0000000100000000)
  eden space 27648K, 0% used [0x00000000d5580000,0x00000000d5580000,0x00000000d7080000)
  from space 4608K, 97% used [0x00000000d7100000,0x00000000d7568af8,0x00000000d7580000)
  to   space 5120K, 0% used [0x00000000d7580000,0x00000000d7580000,0x00000000d7a80000)
 ParOldGen       total 86016K, used 68218K [0x0000000080000000, 0x0000000085400000, 0x00000000d5580000)
  object space 86016K, 79% used [0x0000000080000000,0x000000008429e9a8,0x0000000085400000)
 Metaspace       used 60704K, committed 62016K, reserved 1114112K
  class space    used 5516K, committed 6016K, reserved 1048576K
}
Event: 850.337 GC heap before
{Heap before GC invocations=55 (full 3):
 PSYoungGen      total 32256K, used 32132K [0x00000000d5580000, 0x00000000d7a80000, 0x0000000100000000)
  eden space 27648K, 99% used [0x00000000d5580000,0x00000000d7078880,0x00000000d7080000)
  from space 4608K, 97% used [0x00000000d7100000,0x00000000d7568af8,0x00000000d7580000)
  to   space 5120K, 0% used [0x00000000d7580000,0x00000000d7580000,0x00000000d7a80000)
 ParOldGen       total 86016K, used 68218K [0x0000000080000000, 0x0000000085400000, 0x00000000d5580000)
  object space 86016K, 79% used [0x0000000080000000,0x000000008429e9a8,0x0000000085400000)
 Metaspace       used 61413K, committed 62784K, reserved 1114112K
  class space    used 5588K, committed 6144K, reserved 1048576K
}
Event: 850.345 GC heap after
{Heap after GC invocations=55 (full 3):
 PSYoungGen      total 30720K, used 1365K [0x00000000d5580000, 0x00000000d7700000, 0x0000000100000000)
  eden space 29184K, 0% used [0x00000000d5580000,0x00000000d5580000,0x00000000d7200000)
  from space 1536K, 88% used [0x00000000d7580000,0x00000000d76d5528,0x00000000d7700000)
  to   space 2560K, 0% used [0x00000000d7200000,0x00000000d7200000,0x00000000d7480000)
 ParOldGen       total 86016K, used 71772K [0x0000000080000000, 0x0000000085400000, 0x00000000d5580000)
  object space 86016K, 83% used [0x0000000080000000,0x0000000084617360,0x0000000085400000)
 Metaspace       used 61413K, committed 62784K, reserved 1114112K
  class space    used 5588K, committed 6144K, reserved 1048576K
}
Event: 851.343 GC heap before
{Heap before GC invocations=56 (full 3):
 PSYoungGen      total 30720K, used 30549K [0x00000000d5580000, 0x00000000d7700000, 0x0000000100000000)
  eden space 29184K, 100% used [0x00000000d5580000,0x00000000d7200000,0x00000000d7200000)
  from space 1536K, 88% used [0x00000000d7580000,0x00000000d76d5528,0x00000000d7700000)
  to   space 2560K, 0% used [0x00000000d7200000,0x00000000d7200000,0x00000000d7480000)
 ParOldGen       total 86016K, used 71772K [0x0000000080000000, 0x0000000085400000, 0x00000000d5580000)
  object space 86016K, 83% used [0x0000000080000000,0x0000000084617360,0x0000000085400000)
 Metaspace       used 62595K, committed 63936K, reserved 1114112K
  class space    used 5686K, committed 6208K, reserved 1048576K
}
Event: 851.345 GC heap after
{Heap after GC invocations=56 (full 3):
 PSYoungGen      total 31744K, used 191K [0x00000000d5580000, 0x00000000d7680000, 0x0000000100000000)
  eden space 29184K, 0% used [0x00000000d5580000,0x00000000d5580000,0x00000000d7200000)
  from space 2560K, 7% used [0x00000000d7200000,0x00000000d722fd28,0x00000000d7480000)
  to   space 1024K, 0% used [0x00000000d7580000,0x00000000d7580000,0x00000000d7680000)
 ParOldGen       total 86016K, used 72206K [0x0000000080000000, 0x0000000085400000, 0x00000000d5580000)
  object space 86016K, 83% used [0x0000000080000000,0x0000000084683800,0x0000000085400000)
 Metaspace       used 62595K, committed 63936K, reserved 1114112K
  class space    used 5686K, committed 6208K, reserved 1048576K
}
Event: 854.511 GC heap before
{Heap before GC invocations=57 (full 3):
 PSYoungGen      total 31744K, used 29375K [0x00000000d5580000, 0x00000000d7680000, 0x0000000100000000)
  eden space 29184K, 100% used [0x00000000d5580000,0x00000000d7200000,0x00000000d7200000)
  from space 2560K, 7% used [0x00000000d7200000,0x00000000d722fd28,0x00000000d7480000)
  to   space 1024K, 0% used [0x00000000d7580000,0x00000000d7580000,0x00000000d7680000)
 ParOldGen       total 86016K, used 72206K [0x0000000080000000, 0x0000000085400000, 0x00000000d5580000)
  object space 86016K, 83% used [0x0000000080000000,0x0000000084683800,0x0000000085400000)
 Metaspace       used 66038K, committed 67456K, reserved 1114112K
  class space    used 6105K, committed 6720K, reserved 1048576K
}
Event: 854.514 GC heap after
{Heap after GC invocations=57 (full 3):
 PSYoungGen      total 31744K, used 929K [0x00000000d5580000, 0x00000000d7680000, 0x0000000100000000)
  eden space 30720K, 0% used [0x00000000d5580000,0x00000000d5580000,0x00000000d7380000)
  from space 1024K, 90% used [0x00000000d7580000,0x00000000d76685c0,0x00000000d7680000)
  to   space 1536K, 0% used [0x00000000d7380000,0x00000000d7380000,0x00000000d7500000)
 ParOldGen       total 86016K, used 72278K [0x0000000080000000, 0x0000000085400000, 0x00000000d5580000)
  object space 86016K, 84% used [0x0000000080000000,0x0000000084695800,0x0000000085400000)
 Metaspace       used 66038K, committed 67456K, reserved 1114112K
  class space    used 6105K, committed 6720K, reserved 1048576K
}
Event: 1266.613 GC heap before
{Heap before GC invocations=58 (full 3):
 PSYoungGen      total 31744K, used 31649K [0x00000000d5580000, 0x00000000d7680000, 0x0000000100000000)
  eden space 30720K, 100% used [0x00000000d5580000,0x00000000d7380000,0x00000000d7380000)
  from space 1024K, 90% used [0x00000000d7580000,0x00000000d76685c0,0x00000000d7680000)
  to   space 1536K, 0% used [0x00000000d7380000,0x00000000d7380000,0x00000000d7500000)
 ParOldGen       total 86016K, used 72278K [0x0000000080000000, 0x0000000085400000, 0x00000000d5580000)
  object space 86016K, 84% used [0x0000000080000000,0x0000000084695800,0x0000000085400000)
 Metaspace       used 67632K, committed 69056K, reserved 1114112K
  class space    used 6266K, committed 6848K, reserved 1048576K
}
Event: 1266.644 GC heap after
{Heap after GC invocations=58 (full 3):
 PSYoungGen      total 31744K, used 1520K [0x00000000d5580000, 0x00000000d8a00000, 0x0000000100000000)
  eden space 30208K, 0% used [0x00000000d5580000,0x00000000d5580000,0x00000000d7300000)
  from space 1536K, 98% used [0x00000000d7380000,0x00000000d74fc040,0x00000000d7500000)
  to   space 11776K, 0% used [0x00000000d7e80000,0x00000000d7e80000,0x00000000d8a00000)
 ParOldGen       total 86016K, used 80894K [0x0000000080000000, 0x0000000085400000, 0x00000000d5580000)
  object space 86016K, 94% used [0x0000000080000000,0x0000000084eff878,0x0000000085400000)
 Metaspace       used 67632K, committed 69056K, reserved 1114112K
  class space    used 6266K, committed 6848K, reserved 1048576K
}
Event: 1267.710 GC heap before
{Heap before GC invocations=59 (full 3):
 PSYoungGen      total 31744K, used 31728K [0x00000000d5580000, 0x00000000d8a00000, 0x0000000100000000)
  eden space 30208K, 100% used [0x00000000d5580000,0x00000000d7300000,0x00000000d7300000)
  from space 1536K, 98% used [0x00000000d7380000,0x00000000d74fc040,0x00000000d7500000)
  to   space 11776K, 0% used [0x00000000d7e80000,0x00000000d7e80000,0x00000000d8a00000)
 ParOldGen       total 86016K, used 80894K [0x0000000080000000, 0x0000000085400000, 0x00000000d5580000)
  object space 86016K, 94% used [0x0000000080000000,0x0000000084eff878,0x0000000085400000)
 Metaspace       used 68699K, committed 70080K, reserved 1114112K
  class space    used 6392K, committed 6976K, reserved 1048576K
}
Event: 1267.722 GC heap after
{Heap after GC invocations=59 (full 3):
 PSYoungGen      total 33280K, used 3507K [0x00000000d5580000, 0x00000000d8200000, 0x0000000100000000)
  eden space 29696K, 0% used [0x00000000d5580000,0x00000000d5580000,0x00000000d7280000)
  from space 3584K, 97% used [0x00000000d7e80000,0x00000000d81ecd38,0x00000000d8200000)
  to   space 6144K, 0% used [0x00000000d7600000,0x00000000d7600000,0x00000000d7c00000)
 ParOldGen       total 86016K, used 82397K [0x0000000080000000, 0x0000000085400000, 0x00000000d5580000)
  object space 86016K, 95% used [0x0000000080000000,0x0000000085077578,0x0000000085400000)
 Metaspace       used 68699K, committed 70080K, reserved 1114112K
  class space    used 6392K, committed 6976K, reserved 1048576K
}
Event: 1268.063 GC heap before
{Heap before GC invocations=60 (full 3):
 PSYoungGen      total 33280K, used 31586K [0x00000000d5580000, 0x00000000d8200000, 0x0000000100000000)
  eden space 29696K, 94% used [0x00000000d5580000,0x00000000d70ebe28,0x00000000d7280000)
  from space 3584K, 97% used [0x00000000d7e80000,0x00000000d81ecd38,0x00000000d8200000)
  to   space 6144K, 0% used [0x00000000d7600000,0x00000000d7600000,0x00000000d7c00000)
 ParOldGen       total 86016K, used 82397K [0x0000000080000000, 0x0000000085400000, 0x00000000d5580000)
  object space 86016K, 95% used [0x0000000080000000,0x0000000085077578,0x0000000085400000)
 Metaspace       used 69322K, committed 70784K, reserved 1114112K
  class space    used 6459K, committed 7040K, reserved 1048576K
}
Event: 1268.082 GC heap after
{Heap after GC invocations=60 (full 3):
 PSYoungGen      total 35328K, used 887K [0x00000000d5580000, 0x00000000d7f00000, 0x0000000100000000)
  eden space 29184K, 0% used [0x00000000d5580000,0x00000000d5580000,0x00000000d7200000)
  from space 6144K, 14% used [0x00000000d7600000,0x00000000d76ddc28,0x00000000d7c00000)
  to   space 2560K, 0% used [0x00000000d7c80000,0x00000000d7c80000,0x00000000d7f00000)
 ParOldGen       total 105984K, used 105012K [0x0000000080000000, 0x0000000086780000, 0x00000000d5580000)
  object space 105984K, 99% used [0x0000000080000000,0x000000008668d010,0x0000000086780000)
 Metaspace       used 69322K, committed 70784K, reserved 1114112K
  class space    used 6459K, committed 7040K, reserved 1048576K
}
Event: 1270.877 GC heap before
{Heap before GC invocations=61 (full 3):
 PSYoungGen      total 35328K, used 26955K [0x00000000d5580000, 0x00000000d7f00000, 0x0000000100000000)
  eden space 29184K, 89% used [0x00000000d5580000,0x00000000d6ef50c8,0x00000000d7200000)
  from space 6144K, 14% used [0x00000000d7600000,0x00000000d76ddc28,0x00000000d7c00000)
  to   space 2560K, 0% used [0x00000000d7c80000,0x00000000d7c80000,0x00000000d7f00000)
 ParOldGen       total 105984K, used 105012K [0x0000000080000000, 0x0000000086780000, 0x00000000d5580000)
  object space 105984K, 99% used [0x0000000080000000,0x000000008668d010,0x0000000086780000)
 Metaspace       used 69778K, committed 71232K, reserved 1114112K
  class space    used 6491K, committed 7104K, reserved 1048576K
}
Event: 1270.881 GC heap after
{Heap after GC invocations=61 (full 3):
 PSYoungGen      total 39936K, used 1360K [0x00000000d5580000, 0x00000000d7e00000, 0x0000000100000000)
  eden space 38400K, 0% used [0x00000000d5580000,0x00000000d5580000,0x00000000d7b00000)
  from space 1536K, 88% used [0x00000000d7c80000,0x00000000d7dd4010,0x00000000d7e00000)
  to   space 1536K, 0% used [0x00000000d7b00000,0x00000000d7b00000,0x00000000d7c80000)
 ParOldGen       total 105984K, used 105773K [0x0000000080000000, 0x0000000086780000, 0x00000000d5580000)
  object space 105984K, 99% used [0x0000000080000000,0x000000008674b4e0,0x0000000086780000)
 Metaspace       used 69778K, committed 71232K, reserved 1114112K
  class space    used 6491K, committed 7104K, reserved 1048576K
}
Event: 1625.775 GC heap before
{Heap before GC invocations=62 (full 3):
 PSYoungGen      total 39936K, used 39760K [0x00000000d5580000, 0x00000000d7e00000, 0x0000000100000000)
  eden space 38400K, 100% used [0x00000000d5580000,0x00000000d7b00000,0x00000000d7b00000)
  from space 1536K, 88% used [0x00000000d7c80000,0x00000000d7dd4010,0x00000000d7e00000)
  to   space 1536K, 0% used [0x00000000d7b00000,0x00000000d7b00000,0x00000000d7c80000)
 ParOldGen       total 105984K, used 105773K [0x0000000080000000, 0x0000000086780000, 0x00000000d5580000)
  object space 105984K, 99% used [0x0000000080000000,0x000000008674b4e0,0x0000000086780000)
 Metaspace       used 70124K, committed 71616K, reserved 1114112K
  class space    used 6518K, committed 7104K, reserved 1048576K
}
Event: 1625.781 GC heap after
{Heap after GC invocations=62 (full 3):
 PSYoungGen      total 37888K, used 448K [0x00000000d5580000, 0x00000000d7d00000, 0x0000000100000000)
  eden space 37376K, 0% used [0x00000000d5580000,0x00000000d5580000,0x00000000d7a00000)
  from space 512K, 87% used [0x00000000d7b00000,0x00000000d7b70040,0x00000000d7b80000)
  to   space 1024K, 0% used [0x00000000d7c00000,0x00000000d7c00000,0x00000000d7d00000)
 ParOldGen       total 107008K, used 106869K [0x0000000080000000, 0x0000000086880000, 0x00000000d5580000)
  object space 107008K, 99% used [0x0000000080000000,0x000000008685d540,0x0000000086880000)
 Metaspace       used 70124K, committed 71616K, reserved 1114112K
  class space    used 6518K, committed 7104K, reserved 1048576K
}

