# JRE version: Java(TM) SE Runtime Environment (24.0.2+12) (build 24.0.2+12-54)
# Java VM: Java HotSpot(TM) 64-Bit Server VM (24.0.2+12-54, mixed mode, sharing, tiered, compressed oops, compressed class ptrs, parallel gc, windows-amd64)
GC Precious Log:
 CardTable entry size: 512
 CPUs: 4 total, 4 available
 Memory: 6020M
 Large Page Support: Disabled
 NUMA Support: Disabled
 Compressed Oops: Enabled (32-bit)
 Alignments: Space 512K, Generation 512K, Heap 2M
 Heap Min Capacity: 100M
 Heap Initial Capacity: 100M
 Heap Max Capacity: 2G
 Pre-touch: Disabled
 Parallel Workers: 4
Heap:
 PSYoungGen      total 31232K, used 18713K [0x00000000d5580000, 0x00000000d7680000, 0x0000000100000000)
  eden space 28672K, 63% used [0x00000000d5580000,0x00000000d674f1f8,0x00000000d7180000)
  from space 2560K, 18% used [0x00000000d7180000,0x00000000d71f7370,0x00000000d7400000)
  to   space 1024K, 0% used [0x00000000d7580000,0x00000000d7580000,0x00000000d7680000)
 ParOldGen       total 133632K, used 133494K [0x0000000080000000, 0x0000000088280000, 0x00000000d5580000)
  object space 133632K, 99% used [0x0000000080000000,0x000000008825db88,0x0000000088280000)
 Metaspace       used 75497K, committed 76800K, reserved 1179648K
  class space    used 6843K, committed 7424K, reserved 1048576K
GC Heap History (20 events):
Event: 415.848 GC heap before
{Heap before GC invocations=53 (full 3):
 PSYoungGen      total 25600K, used 25555K [0x00000000d5580000, 0x00000000d7800000, 0x0000000100000000)
  eden space 22016K, 99% used [0x00000000d5580000,0x00000000d6afb680,0x00000000d6b00000)
  from space 3584K, 99% used [0x00000000d6b00000,0x00000000d6e79800,0x00000000d6e80000)
  to   space 6656K, 0% used [0x00000000d7180000,0x00000000d7180000,0x00000000d7800000)
 ParOldGen       total 104448K, used 104269K [0x0000000080000000, 0x0000000086600000, 0x00000000d5580000)
  object space 104448K, 99% used [0x0000000080000000,0x00000000865d3620,0x0000000086600000)
 Metaspace       used 66865K, committed 68224K, reserved 1114112K
  class space    used 5984K, committed 6592K, reserved 1048576K
}
Event: 415.873 GC heap after
{Heap after GC invocations=53 (full 3):
 PSYoungGen      total 18432K, used 6638K [0x00000000d5580000, 0x00000000d8c00000, 0x0000000100000000)
  eden space 11776K, 0% used [0x00000000d5580000,0x00000000d5580000,0x00000000d6100000)
  from space 6656K, 99% used [0x00000000d7180000,0x00000000d77fb940,0x00000000d7800000)
  to   space 16896K, 0% used [0x00000000d6100000,0x00000000d6100000,0x00000000d7180000)
 ParOldGen       total 112640K, used 112461K [0x0000000080000000, 0x0000000086e00000, 0x00000000d5580000)
  object space 112640K, 99% used [0x0000000080000000,0x0000000086dd36f8,0x0000000086e00000)
 Metaspace       used 66865K, committed 68224K, reserved 1114112K
  class space    used 5984K, committed 6592K, reserved 1048576K
}
Event: 416.127 GC heap before
{Heap before GC invocations=54 (full 3):
 PSYoungGen      total 18432K, used 18414K [0x00000000d5580000, 0x00000000d8c00000, 0x0000000100000000)
  eden space 11776K, 100% used [0x00000000d5580000,0x00000000d6100000,0x00000000d6100000)
  from space 6656K, 99% used [0x00000000d7180000,0x00000000d77fb940,0x00000000d7800000)
  to   space 16896K, 0% used [0x00000000d6100000,0x00000000d6100000,0x00000000d7180000)
 ParOldGen       total 112640K, used 112461K [0x0000000080000000, 0x0000000086e00000, 0x00000000d5580000)
  object space 112640K, 99% used [0x0000000080000000,0x0000000086dd36f8,0x0000000086e00000)
 Metaspace       used 66886K, committed 68224K, reserved 1114112K
  class space    used 5985K, committed 6592K, reserved 1048576K
}
Event: 416.137 GC heap after
{Heap after GC invocations=54 (full 3):
 PSYoungGen      total 19968K, used 7891K [0x00000000d5580000, 0x00000000d7680000, 0x0000000100000000)
  eden space 11776K, 0% used [0x00000000d5580000,0x00000000d5580000,0x00000000d6100000)
  from space 8192K, 96% used [0x00000000d6100000,0x00000000d68b4ce0,0x00000000d6900000)
  to   space 10752K, 0% used [0x00000000d6c00000,0x00000000d6c00000,0x00000000d7680000)
 ParOldGen       total 119296K, used 119145K [0x0000000080000000, 0x0000000087480000, 0x00000000d5580000)
  object space 119296K, 99% used [0x0000000080000000,0x000000008745a4e8,0x0000000087480000)
 Metaspace       used 66886K, committed 68224K, reserved 1114112K
  class space    used 5985K, committed 6592K, reserved 1048576K
}
Event: 420.236 GC heap before
{Heap before GC invocations=55 (full 3):
 PSYoungGen      total 19968K, used 19667K [0x00000000d5580000, 0x00000000d7680000, 0x0000000100000000)
  eden space 11776K, 100% used [0x00000000d5580000,0x00000000d6100000,0x00000000d6100000)
  from space 8192K, 96% used [0x00000000d6100000,0x00000000d68b4ce0,0x00000000d6900000)
  to   space 10752K, 0% used [0x00000000d6c00000,0x00000000d6c00000,0x00000000d7680000)
 ParOldGen       total 119296K, used 119145K [0x0000000080000000, 0x0000000087480000, 0x00000000d5580000)
  object space 119296K, 99% used [0x0000000080000000,0x000000008745a4e8,0x0000000087480000)
 Metaspace       used 67198K, committed 68544K, reserved 1114112K
  class space    used 6011K, committed 6592K, reserved 1048576K
}
Event: 420.240 GC heap after
{Heap after GC invocations=55 (full 3):
 PSYoungGen      total 29184K, used 1895K [0x00000000d5580000, 0x00000000d7680000, 0x0000000100000000)
  eden space 18432K, 0% used [0x00000000d5580000,0x00000000d5580000,0x00000000d6780000)
  from space 10752K, 17% used [0x00000000d6c00000,0x00000000d6dd9c38,0x00000000d7680000)
  to   space 4608K, 0% used [0x00000000d6780000,0x00000000d6780000,0x00000000d6c00000)
 ParOldGen       total 121344K, used 120897K [0x0000000080000000, 0x0000000087680000, 0x00000000d5580000)
  object space 121344K, 99% used [0x0000000080000000,0x0000000087610518,0x0000000087680000)
 Metaspace       used 67198K, committed 68544K, reserved 1114112K
  class space    used 6011K, committed 6592K, reserved 1048576K
}
Event: 421.023 GC heap before
{Heap before GC invocations=56 (full 3):
 PSYoungGen      total 29184K, used 20327K [0x00000000d5580000, 0x00000000d7680000, 0x0000000100000000)
  eden space 18432K, 100% used [0x00000000d5580000,0x00000000d6780000,0x00000000d6780000)
  from space 10752K, 17% used [0x00000000d6c00000,0x00000000d6dd9c38,0x00000000d7680000)
  to   space 4608K, 0% used [0x00000000d6780000,0x00000000d6780000,0x00000000d6c00000)
 ParOldGen       total 121344K, used 120897K [0x0000000080000000, 0x0000000087680000, 0x00000000d5580000)
  object space 121344K, 99% used [0x0000000080000000,0x0000000087610518,0x0000000087680000)
 Metaspace       used 68970K, committed 70272K, reserved 1114112K
  class space    used 6177K, committed 6720K, reserved 1048576K
}
Event: 421.026 GC heap after
{Heap after GC invocations=56 (full 3):
 PSYoungGen      total 23040K, used 401K [0x00000000d5580000, 0x00000000d7680000, 0x0000000100000000)
  eden space 18432K, 0% used [0x00000000d5580000,0x00000000d5580000,0x00000000d6780000)
  from space 4608K, 8% used [0x00000000d6780000,0x00000000d67e45b0,0x00000000d6c00000)
  to   space 1536K, 0% used [0x00000000d7500000,0x00000000d7500000,0x00000000d7680000)
 ParOldGen       total 121856K, used 121561K [0x0000000080000000, 0x0000000087700000, 0x00000000d5580000)
  object space 121856K, 99% used [0x0000000080000000,0x00000000876b6528,0x0000000087700000)
 Metaspace       used 68970K, committed 70272K, reserved 1114112K
  class space    used 6177K, committed 6720K, reserved 1048576K
}
Event: 490.396 GC heap before
{Heap before GC invocations=57 (full 3):
 PSYoungGen      total 23040K, used 18833K [0x00000000d5580000, 0x00000000d7680000, 0x0000000100000000)
  eden space 18432K, 100% used [0x00000000d5580000,0x00000000d6780000,0x00000000d6780000)
  from space 4608K, 8% used [0x00000000d6780000,0x00000000d67e45b0,0x00000000d6c00000)
  to   space 1536K, 0% used [0x00000000d7500000,0x00000000d7500000,0x00000000d7680000)
 ParOldGen       total 121856K, used 121561K [0x0000000080000000, 0x0000000087700000, 0x00000000d5580000)
  object space 121856K, 99% used [0x0000000080000000,0x00000000876b6528,0x0000000087700000)
 Metaspace       used 70390K, committed 71744K, reserved 1114112K
  class space    used 6402K, committed 6976K, reserved 1048576K
}
Event: 490.399 GC heap after
{Heap after GC invocations=57 (full 3):
 PSYoungGen      total 32768K, used 608K [0x00000000d5580000, 0x00000000d7680000, 0x0000000100000000)
  eden space 31232K, 0% used [0x00000000d5580000,0x00000000d5580000,0x00000000d7400000)
  from space 1536K, 39% used [0x00000000d7500000,0x00000000d7598020,0x00000000d7680000)
  to   space 1024K, 0% used [0x00000000d7400000,0x00000000d7400000,0x00000000d7500000)
 ParOldGen       total 121856K, used 121784K [0x0000000080000000, 0x0000000087700000, 0x00000000d5580000)
  object space 121856K, 99% used [0x0000000080000000,0x00000000876ee0d0,0x0000000087700000)
 Metaspace       used 70390K, committed 71744K, reserved 1114112K
  class space    used 6402K, committed 6976K, reserved 1048576K
}
Event: 595.826 GC heap before
{Heap before GC invocations=58 (full 3):
 PSYoungGen      total 32768K, used 31840K [0x00000000d5580000, 0x00000000d7680000, 0x0000000100000000)
  eden space 31232K, 100% used [0x00000000d5580000,0x00000000d7400000,0x00000000d7400000)
  from space 1536K, 39% used [0x00000000d7500000,0x00000000d7598020,0x00000000d7680000)
  to   space 1024K, 0% used [0x00000000d7400000,0x00000000d7400000,0x00000000d7500000)
 ParOldGen       total 121856K, used 121784K [0x0000000080000000, 0x0000000087700000, 0x00000000d5580000)
  object space 121856K, 99% used [0x0000000080000000,0x00000000876ee0d0,0x0000000087700000)
 Metaspace       used 71306K, committed 72704K, reserved 1179648K
  class space    used 6469K, committed 7040K, reserved 1048576K
}
Event: 595.867 GC heap after
{Heap after GC invocations=58 (full 3):
 PSYoungGen      total 31744K, used 1019K [0x00000000d5580000, 0x00000000d7980000, 0x0000000100000000)
  eden space 30720K, 0% used [0x00000000d5580000,0x00000000d5580000,0x00000000d7380000)
  from space 1024K, 99% used [0x00000000d7400000,0x00000000d74fef50,0x00000000d7500000)
  to   space 3072K, 0% used [0x00000000d7680000,0x00000000d7680000,0x00000000d7980000)
 ParOldGen       total 123392K, used 123136K [0x0000000080000000, 0x0000000087880000, 0x00000000d5580000)
  object space 123392K, 99% used [0x0000000080000000,0x0000000087840020,0x0000000087880000)
 Metaspace       used 71306K, committed 72704K, reserved 1179648K
  class space    used 6469K, committed 7040K, reserved 1048576K
}
Event: 597.675 GC heap before
{Heap before GC invocations=59 (full 3):
 PSYoungGen      total 31744K, used 31739K [0x00000000d5580000, 0x00000000d7980000, 0x0000000100000000)
  eden space 30720K, 100% used [0x00000000d5580000,0x00000000d7380000,0x00000000d7380000)
  from space 1024K, 99% used [0x00000000d7400000,0x00000000d74fef50,0x00000000d7500000)
  to   space 3072K, 0% used [0x00000000d7680000,0x00000000d7680000,0x00000000d7980000)
 ParOldGen       total 123392K, used 123136K [0x0000000080000000, 0x0000000087880000, 0x00000000d5580000)
  object space 123392K, 99% used [0x0000000080000000,0x0000000087840020,0x0000000087880000)
 Metaspace       used 71492K, committed 72832K, reserved 1179648K
  class space    used 6472K, committed 7040K, reserved 1048576K
}
Event: 597.690 GC heap after
{Heap after GC invocations=59 (full 3):
 PSYoungGen      total 29696K, used 3055K [0x00000000d5580000, 0x00000000d8100000, 0x0000000100000000)
  eden space 26624K, 0% used [0x00000000d5580000,0x00000000d5580000,0x00000000d6f80000)
  from space 3072K, 99% used [0x00000000d7680000,0x00000000d797bef0,0x00000000d7980000)
  to   space 7168K, 0% used [0x00000000d6f80000,0x00000000d6f80000,0x00000000d7680000)
 ParOldGen       total 126464K, used 126380K [0x0000000080000000, 0x0000000087b80000, 0x00000000d5580000)
  object space 126464K, 99% used [0x0000000080000000,0x0000000087b6b068,0x0000000087b80000)
 Metaspace       used 71492K, committed 72832K, reserved 1179648K
  class space    used 6472K, committed 7040K, reserved 1048576K
}
Event: 598.827 GC heap before
{Heap before GC invocations=60 (full 3):
 PSYoungGen      total 29696K, used 29679K [0x00000000d5580000, 0x00000000d8100000, 0x0000000100000000)
  eden space 26624K, 100% used [0x00000000d5580000,0x00000000d6f80000,0x00000000d6f80000)
  from space 3072K, 99% used [0x00000000d7680000,0x00000000d797bef0,0x00000000d7980000)
  to   space 7168K, 0% used [0x00000000d6f80000,0x00000000d6f80000,0x00000000d7680000)
 ParOldGen       total 126464K, used 126380K [0x0000000080000000, 0x0000000087b80000, 0x00000000d5580000)
  object space 126464K, 99% used [0x0000000080000000,0x0000000087b6b068,0x0000000087b80000)
 Metaspace       used 72693K, committed 74048K, reserved 1179648K
  class space    used 6559K, committed 7168K, reserved 1048576K
}
Event: 598.836 GC heap after
{Heap after GC invocations=60 (full 3):
 PSYoungGen      total 30208K, used 4005K [0x00000000d5580000, 0x00000000d7900000, 0x0000000100000000)
  eden space 26112K, 0% used [0x00000000d5580000,0x00000000d5580000,0x00000000d6f00000)
  from space 4096K, 97% used [0x00000000d6f80000,0x00000000d73697d0,0x00000000d7380000)
  to   space 5120K, 0% used [0x00000000d7400000,0x00000000d7400000,0x00000000d7900000)
 ParOldGen       total 129536K, used 129185K [0x0000000080000000, 0x0000000087e80000, 0x00000000d5580000)
  object space 129536K, 99% used [0x0000000080000000,0x0000000087e28548,0x0000000087e80000)
 Metaspace       used 72693K, committed 74048K, reserved 1179648K
  class space    used 6559K, committed 7168K, reserved 1048576K
}
Event: 599.872 GC heap before
{Heap before GC invocations=61 (full 3):
 PSYoungGen      total 30208K, used 30117K [0x00000000d5580000, 0x00000000d7900000, 0x0000000100000000)
  eden space 26112K, 100% used [0x00000000d5580000,0x00000000d6f00000,0x00000000d6f00000)
  from space 4096K, 97% used [0x00000000d6f80000,0x00000000d73697d0,0x00000000d7380000)
  to   space 5120K, 0% used [0x00000000d7400000,0x00000000d7400000,0x00000000d7900000)
 ParOldGen       total 129536K, used 129185K [0x0000000080000000, 0x0000000087e80000, 0x00000000d5580000)
  object space 129536K, 99% used [0x0000000080000000,0x0000000087e28548,0x0000000087e80000)
 Metaspace       used 74029K, committed 75392K, reserved 1179648K
  class space    used 6686K, committed 7296K, reserved 1048576K
}
Event: 599.886 GC heap after
{Heap after GC invocations=61 (full 3):
 PSYoungGen      total 31232K, used 892K [0x00000000d5580000, 0x00000000d7680000, 0x0000000100000000)
  eden space 28672K, 0% used [0x00000000d5580000,0x00000000d5580000,0x00000000d7180000)
  from space 2560K, 34% used [0x00000000d7400000,0x00000000d74df360,0x00000000d7680000)
  to   space 2560K, 0% used [0x00000000d7180000,0x00000000d7180000,0x00000000d7400000)
 ParOldGen       total 133120K, used 132855K [0x0000000080000000, 0x0000000088200000, 0x00000000d5580000)
  object space 133120K, 99% used [0x0000000080000000,0x00000000881bdc90,0x0000000088200000)
 Metaspace       used 74029K, committed 75392K, reserved 1179648K
  class space    used 6686K, committed 7296K, reserved 1048576K
}
Event: 601.397 GC heap before
{Heap before GC invocations=62 (full 3):
 PSYoungGen      total 31232K, used 29564K [0x00000000d5580000, 0x00000000d7680000, 0x0000000100000000)
  eden space 28672K, 100% used [0x00000000d5580000,0x00000000d7180000,0x00000000d7180000)
  from space 2560K, 34% used [0x00000000d7400000,0x00000000d74df360,0x00000000d7680000)
  to   space 2560K, 0% used [0x00000000d7180000,0x00000000d7180000,0x00000000d7400000)
 ParOldGen       total 133120K, used 132855K [0x0000000080000000, 0x0000000088200000, 0x00000000d5580000)
  object space 133120K, 99% used [0x0000000080000000,0x00000000881bdc90,0x0000000088200000)
 Metaspace       used 74837K, committed 76224K, reserved 1179648K
  class space    used 6789K, committed 7424K, reserved 1048576K
}
Event: 601.403 GC heap after
{Heap after GC invocations=62 (full 3):
 PSYoungGen      total 31232K, used 476K [0x00000000d5580000, 0x00000000d7680000, 0x0000000100000000)
  eden space 28672K, 0% used [0x00000000d5580000,0x00000000d5580000,0x00000000d7180000)
  from space 2560K, 18% used [0x00000000d7180000,0x00000000d71f7370,0x00000000d7400000)
  to   space 1024K, 0% used [0x00000000d7580000,0x00000000d7580000,0x00000000d7680000)
 ParOldGen       total 133632K, used 133494K [0x0000000080000000, 0x0000000088280000, 0x00000000d5580000)
  object space 133632K, 99% used [0x0000000080000000,0x000000008825db88,0x0000000088280000)
 Metaspace       used 74837K, committed 76224K, reserved 1179648K
  class space    used 6789K, committed 7424K, reserved 1048576K
}

