# JRE version: OpenJDK Runtime Environment Temurin-21.0.9+10 (21.0.9+10) (build 21.0.9+10-LTS)
# Java VM: OpenJDK 64-Bit Server VM Temurin-21.0.9+10 (21.0.9+10-LTS, mixed mode, sharing, tiered, compressed oops, compressed class ptrs, parallel gc, windows-amd64)
GC Precious Log:
 CardTable entry size: 512
 CPUs: 4 total, 4 available
 Memory: 6020M
 Large Page Support: Disabled
 NUMA Support: Disabled
 Compressed Oops: Enabled (32-bit)
 Alignments: Space 512K, Generation 512K, Heap 2M
 Heap Min Capacity: 100M
 Heap Initial Capacity: 100M
 Heap Max Capacity: 2G
 Pre-touch: Disabled
 Parallel Workers: 4
Heap:
 PSYoungGen      total 12800K, used 10052K [0x00000000d5580000, 0x00000000d6380000, 0x0000000100000000)
  eden space 12288K, 79% used [0x00000000d5580000,0x00000000d5f0bdc0,0x00000000d6180000)
  from space 512K, 54% used [0x00000000d6280000,0x00000000d62c52c0,0x00000000d6300000)
  to   space 512K, 0% used [0x00000000d6300000,0x00000000d6300000,0x00000000d6380000)
 ParOldGen       total 88064K, used 87874K [0x0000000080000000, 0x0000000085600000, 0x00000000d5580000)
  object space 88064K, 99% used [0x0000000080000000,0x00000000855d0a50,0x0000000085600000)
 Metaspace       used 71091K, committed 72640K, reserved 1114112K
  class space    used 7501K, committed 8192K, reserved 1048576K
GC Heap History (20 events):
Event: 41.790 GC heap before
{Heap before GC invocations=81 (full 3):
 PSYoungGen      total 13312K, used 13118K [0x00000000d5580000, 0x00000000d6400000, 0x0000000100000000)
  eden space 12800K, 100% used [0x00000000d5580000,0x00000000d6200000,0x00000000d6200000)
  from space 512K, 62% used [0x00000000d6300000,0x00000000d634f9b0,0x00000000d6380000)
  to   space 512K, 0% used [0x00000000d6380000,0x00000000d6380000,0x00000000d6400000)
 ParOldGen       total 85504K, used 85230K [0x0000000080000000, 0x0000000085380000, 0x00000000d5580000)
  object space 85504K, 99% used [0x0000000080000000,0x000000008533bab0,0x0000000085380000)
 Metaspace       used 70641K, committed 72192K, reserved 1114112K
  class space    used 7459K, committed 8192K, reserved 1048576K
}
Event: 41.792 GC heap after
{Heap after GC invocations=81 (full 3):
 PSYoungGen      total 13312K, used 283K [0x00000000d5580000, 0x00000000d6400000, 0x0000000100000000)
  eden space 12800K, 0% used [0x00000000d5580000,0x00000000d5580000,0x00000000d6200000)
  from space 512K, 55% used [0x00000000d6380000,0x00000000d63c6f68,0x00000000d6400000)
  to   space 512K, 0% used [0x00000000d6300000,0x00000000d6300000,0x00000000d6380000)
 ParOldGen       total 85504K, used 85270K [0x0000000080000000, 0x0000000085380000, 0x00000000d5580000)
  object space 85504K, 99% used [0x0000000080000000,0x0000000085345ab0,0x0000000085380000)
 Metaspace       used 70641K, committed 72192K, reserved 1114112K
  class space    used 7459K, committed 8192K, reserved 1048576K
}
Event: 41.836 GC heap before
{Heap before GC invocations=82 (full 3):
 PSYoungGen      total 13312K, used 13083K [0x00000000d5580000, 0x00000000d6400000, 0x0000000100000000)
  eden space 12800K, 100% used [0x00000000d5580000,0x00000000d6200000,0x00000000d6200000)
  from space 512K, 55% used [0x00000000d6380000,0x00000000d63c6f68,0x00000000d6400000)
  to   space 512K, 0% used [0x00000000d6300000,0x00000000d6300000,0x00000000d6380000)
 ParOldGen       total 85504K, used 85270K [0x0000000080000000, 0x0000000085380000, 0x00000000d5580000)
  object space 85504K, 99% used [0x0000000080000000,0x0000000085345ab0,0x0000000085380000)
 Metaspace       used 70641K, committed 72192K, reserved 1114112K
  class space    used 7459K, committed 8192K, reserved 1048576K
}
Event: 41.837 GC heap after
{Heap after GC invocations=82 (full 3):
 PSYoungGen      total 13312K, used 128K [0x00000000d5580000, 0x00000000d6400000, 0x0000000100000000)
  eden space 12800K, 0% used [0x00000000d5580000,0x00000000d5580000,0x00000000d6200000)
  from space 512K, 25% used [0x00000000d6300000,0x00000000d6320000,0x00000000d6380000)
  to   space 512K, 0% used [0x00000000d6380000,0x00000000d6380000,0x00000000d6400000)
 ParOldGen       total 85504K, used 85310K [0x0000000080000000, 0x0000000085380000, 0x00000000d5580000)
  object space 85504K, 99% used [0x0000000080000000,0x000000008534fab0,0x0000000085380000)
 Metaspace       used 70641K, committed 72192K, reserved 1114112K
  class space    used 7459K, committed 8192K, reserved 1048576K
}
Event: 41.889 GC heap before
{Heap before GC invocations=83 (full 3):
 PSYoungGen      total 13312K, used 12928K [0x00000000d5580000, 0x00000000d6400000, 0x0000000100000000)
  eden space 12800K, 100% used [0x00000000d5580000,0x00000000d6200000,0x00000000d6200000)
  from space 512K, 25% used [0x00000000d6300000,0x00000000d6320000,0x00000000d6380000)
  to   space 512K, 0% used [0x00000000d6380000,0x00000000d6380000,0x00000000d6400000)
 ParOldGen       total 85504K, used 85310K [0x0000000080000000, 0x0000000085380000, 0x00000000d5580000)
  object space 85504K, 99% used [0x0000000080000000,0x000000008534fab0,0x0000000085380000)
 Metaspace       used 70642K, committed 72192K, reserved 1114112K
  class space    used 7459K, committed 8192K, reserved 1048576K
}
Event: 41.891 GC heap after
{Heap after GC invocations=83 (full 3):
 PSYoungGen      total 13312K, used 128K [0x00000000d5580000, 0x00000000d6400000, 0x0000000100000000)
  eden space 12800K, 0% used [0x00000000d5580000,0x00000000d5580000,0x00000000d6200000)
  from space 512K, 25% used [0x00000000d6380000,0x00000000d63a0000,0x00000000d6400000)
  to   space 512K, 0% used [0x00000000d6300000,0x00000000d6300000,0x00000000d6380000)
 ParOldGen       total 85504K, used 85342K [0x0000000080000000, 0x0000000085380000, 0x00000000d5580000)
  object space 85504K, 99% used [0x0000000080000000,0x0000000085357ab0,0x0000000085380000)
 Metaspace       used 70642K, committed 72192K, reserved 1114112K
  class space    used 7459K, committed 8192K, reserved 1048576K
}
Event: 41.938 GC heap before
{Heap before GC invocations=84 (full 3):
 PSYoungGen      total 13312K, used 12928K [0x00000000d5580000, 0x00000000d6400000, 0x0000000100000000)
  eden space 12800K, 100% used [0x00000000d5580000,0x00000000d6200000,0x00000000d6200000)
  from space 512K, 25% used [0x00000000d6380000,0x00000000d63a0000,0x00000000d6400000)
  to   space 512K, 0% used [0x00000000d6300000,0x00000000d6300000,0x00000000d6380000)
 ParOldGen       total 85504K, used 85342K [0x0000000080000000, 0x0000000085380000, 0x00000000d5580000)
  object space 85504K, 99% used [0x0000000080000000,0x0000000085357ab0,0x0000000085380000)
 Metaspace       used 70650K, committed 72256K, reserved 1114112K
  class space    used 7459K, committed 8192K, reserved 1048576K
}
Event: 41.939 GC heap after
{Heap after GC invocations=84 (full 3):
 PSYoungGen      total 13312K, used 224K [0x00000000d5580000, 0x00000000d6400000, 0x0000000100000000)
  eden space 12800K, 0% used [0x00000000d5580000,0x00000000d5580000,0x00000000d6200000)
  from space 512K, 43% used [0x00000000d6300000,0x00000000d6338150,0x00000000d6380000)
  to   space 512K, 0% used [0x00000000d6380000,0x00000000d6380000,0x00000000d6400000)
 ParOldGen       total 85504K, used 85382K [0x0000000080000000, 0x0000000085380000, 0x00000000d5580000)
  object space 85504K, 99% used [0x0000000080000000,0x0000000085361ab0,0x0000000085380000)
 Metaspace       used 70650K, committed 72256K, reserved 1114112K
  class space    used 7459K, committed 8192K, reserved 1048576K
}
Event: 41.978 GC heap before
{Heap before GC invocations=85 (full 3):
 PSYoungGen      total 13312K, used 13024K [0x00000000d5580000, 0x00000000d6400000, 0x0000000100000000)
  eden space 12800K, 100% used [0x00000000d5580000,0x00000000d6200000,0x00000000d6200000)
  from space 512K, 43% used [0x00000000d6300000,0x00000000d6338150,0x00000000d6380000)
  to   space 512K, 0% used [0x00000000d6380000,0x00000000d6380000,0x00000000d6400000)
 ParOldGen       total 85504K, used 85382K [0x0000000080000000, 0x0000000085380000, 0x00000000d5580000)
  object space 85504K, 99% used [0x0000000080000000,0x0000000085361ab0,0x0000000085380000)
 Metaspace       used 70650K, committed 72256K, reserved 1114112K
  class space    used 7459K, committed 8192K, reserved 1048576K
}
Event: 41.979 GC heap after
{Heap after GC invocations=85 (full 3):
 PSYoungGen      total 13312K, used 235K [0x00000000d5580000, 0x00000000d6400000, 0x0000000100000000)
  eden space 12800K, 0% used [0x00000000d5580000,0x00000000d5580000,0x00000000d6200000)
  from space 512K, 46% used [0x00000000d6380000,0x00000000d63baf38,0x00000000d6400000)
  to   space 512K, 0% used [0x00000000d6300000,0x00000000d6300000,0x00000000d6380000)
 ParOldGen       total 85504K, used 85414K [0x0000000080000000, 0x0000000085380000, 0x00000000d5580000)
  object space 85504K, 99% used [0x0000000080000000,0x0000000085369ab0,0x0000000085380000)
 Metaspace       used 70650K, committed 72256K, reserved 1114112K
  class space    used 7459K, committed 8192K, reserved 1048576K
}
Event: 42.176 GC heap before
{Heap before GC invocations=86 (full 3):
 PSYoungGen      total 13312K, used 13035K [0x00000000d5580000, 0x00000000d6400000, 0x0000000100000000)
  eden space 12800K, 100% used [0x00000000d5580000,0x00000000d6200000,0x00000000d6200000)
  from space 512K, 46% used [0x00000000d6380000,0x00000000d63baf38,0x00000000d6400000)
  to   space 512K, 0% used [0x00000000d6300000,0x00000000d6300000,0x00000000d6380000)
 ParOldGen       total 85504K, used 85414K [0x0000000080000000, 0x0000000085380000, 0x00000000d5580000)
  object space 85504K, 99% used [0x0000000080000000,0x0000000085369ab0,0x0000000085380000)
 Metaspace       used 70803K, committed 72384K, reserved 1114112K
  class space    used 7474K, committed 8192K, reserved 1048576K
}
Event: 42.179 GC heap after
{Heap after GC invocations=86 (full 3):
 PSYoungGen      total 13312K, used 502K [0x00000000d5580000, 0x00000000d6400000, 0x0000000100000000)
  eden space 12800K, 0% used [0x00000000d5580000,0x00000000d5580000,0x00000000d6200000)
  from space 512K, 98% used [0x00000000d6300000,0x00000000d637db28,0x00000000d6380000)
  to   space 512K, 0% used [0x00000000d6380000,0x00000000d6380000,0x00000000d6400000)
 ParOldGen       total 85504K, used 85454K [0x0000000080000000, 0x0000000085380000, 0x00000000d5580000)
  object space 85504K, 99% used [0x0000000080000000,0x0000000085373ab0,0x0000000085380000)
 Metaspace       used 70803K, committed 72384K, reserved 1114112K
  class space    used 7474K, committed 8192K, reserved 1048576K
}
Event: 42.509 GC heap before
{Heap before GC invocations=87 (full 3):
 PSYoungGen      total 13312K, used 13302K [0x00000000d5580000, 0x00000000d6400000, 0x0000000100000000)
  eden space 12800K, 100% used [0x00000000d5580000,0x00000000d6200000,0x00000000d6200000)
  from space 512K, 98% used [0x00000000d6300000,0x00000000d637db28,0x00000000d6380000)
  to   space 512K, 0% used [0x00000000d6380000,0x00000000d6380000,0x00000000d6400000)
 ParOldGen       total 85504K, used 85454K [0x0000000080000000, 0x0000000085380000, 0x00000000d5580000)
  object space 85504K, 99% used [0x0000000080000000,0x0000000085373ab0,0x0000000085380000)
 Metaspace       used 70816K, committed 72384K, reserved 1114112K
  class space    used 7474K, committed 8192K, reserved 1048576K
}
Event: 42.511 GC heap after
{Heap after GC invocations=87 (full 3):
 PSYoungGen      total 12800K, used 485K [0x00000000d5580000, 0x00000000d6600000, 0x0000000100000000)
  eden space 12288K, 0% used [0x00000000d5580000,0x00000000d5580000,0x00000000d6180000)
  from space 512K, 94% used [0x00000000d6380000,0x00000000d63f9428,0x00000000d6400000)
  to   space 2048K, 0% used [0x00000000d6180000,0x00000000d6180000,0x00000000d6380000)
 ParOldGen       total 87040K, used 86493K [0x0000000080000000, 0x0000000085500000, 0x00000000d5580000)
  object space 87040K, 99% used [0x0000000080000000,0x00000000854774a8,0x0000000085500000)
 Metaspace       used 70816K, committed 72384K, reserved 1114112K
  class space    used 7474K, committed 8192K, reserved 1048576K
}
Event: 42.552 GC heap before
{Heap before GC invocations=88 (full 3):
 PSYoungGen      total 12800K, used 12773K [0x00000000d5580000, 0x00000000d6600000, 0x0000000100000000)
  eden space 12288K, 100% used [0x00000000d5580000,0x00000000d6180000,0x00000000d6180000)
  from space 512K, 94% used [0x00000000d6380000,0x00000000d63f9428,0x00000000d6400000)
  to   space 2048K, 0% used [0x00000000d6180000,0x00000000d6180000,0x00000000d6380000)
 ParOldGen       total 87040K, used 86493K [0x0000000080000000, 0x0000000085500000, 0x00000000d5580000)
  object space 87040K, 99% used [0x0000000080000000,0x00000000854774a8,0x0000000085500000)
 Metaspace       used 70816K, committed 72384K, reserved 1114112K
  class space    used 7474K, committed 8192K, reserved 1048576K
}
Event: 42.555 GC heap after
{Heap after GC invocations=88 (full 3):
 PSYoungGen      total 13312K, used 704K [0x00000000d5580000, 0x00000000d6400000, 0x0000000100000000)
  eden space 12288K, 0% used [0x00000000d5580000,0x00000000d5580000,0x00000000d6180000)
  from space 1024K, 68% used [0x00000000d6180000,0x00000000d6230000,0x00000000d6280000)
  to   space 1024K, 0% used [0x00000000d6300000,0x00000000d6300000,0x00000000d6400000)
 ParOldGen       total 87040K, used 86949K [0x0000000080000000, 0x0000000085500000, 0x00000000d5580000)
  object space 87040K, 99% used [0x0000000080000000,0x00000000854e96e8,0x0000000085500000)
 Metaspace       used 70816K, committed 72384K, reserved 1114112K
  class space    used 7474K, committed 8192K, reserved 1048576K
}
Event: 42.595 GC heap before
{Heap before GC invocations=89 (full 3):
 PSYoungGen      total 13312K, used 12992K [0x00000000d5580000, 0x00000000d6400000, 0x0000000100000000)
  eden space 12288K, 100% used [0x00000000d5580000,0x00000000d6180000,0x00000000d6180000)
  from space 1024K, 68% used [0x00000000d6180000,0x00000000d6230000,0x00000000d6280000)
  to   space 1024K, 0% used [0x00000000d6300000,0x00000000d6300000,0x00000000d6400000)
 ParOldGen       total 87040K, used 86949K [0x0000000080000000, 0x0000000085500000, 0x00000000d5580000)
  object space 87040K, 99% used [0x0000000080000000,0x00000000854e96e8,0x0000000085500000)
 Metaspace       used 70816K, committed 72384K, reserved 1114112K
  class space    used 7474K, committed 8192K, reserved 1048576K
}
Event: 42.597 GC heap after
{Heap after GC invocations=89 (full 3):
 PSYoungGen      total 12800K, used 256K [0x00000000d5580000, 0x00000000d6380000, 0x0000000100000000)
  eden space 12288K, 0% used [0x00000000d5580000,0x00000000d5580000,0x00000000d6180000)
  from space 512K, 50% used [0x00000000d6300000,0x00000000d6340000,0x00000000d6380000)
  to   space 512K, 0% used [0x00000000d6280000,0x00000000d6280000,0x00000000d6300000)
 ParOldGen       total 88064K, used 87613K [0x0000000080000000, 0x0000000085600000, 0x00000000d5580000)
  object space 88064K, 99% used [0x0000000080000000,0x000000008558f6f8,0x0000000085600000)
 Metaspace       used 70816K, committed 72384K, reserved 1114112K
  class space    used 7474K, committed 8192K, reserved 1048576K
}
Event: 42.836 GC heap before
{Heap before GC invocations=90 (full 3):
 PSYoungGen      total 12800K, used 12544K [0x00000000d5580000, 0x00000000d6380000, 0x0000000100000000)
  eden space 12288K, 100% used [0x00000000d5580000,0x00000000d6180000,0x00000000d6180000)
  from space 512K, 50% used [0x00000000d6300000,0x00000000d6340000,0x00000000d6380000)
  to   space 512K, 0% used [0x00000000d6280000,0x00000000d6280000,0x00000000d6300000)
 ParOldGen       total 88064K, used 87613K [0x0000000080000000, 0x0000000085600000, 0x00000000d5580000)
  object space 88064K, 99% used [0x0000000080000000,0x000000008558f6f8,0x0000000085600000)
 Metaspace       used 70861K, committed 72512K, reserved 1114112K
  class space    used 7478K, committed 8192K, reserved 1048576K
}
Event: 42.839 GC heap after
{Heap after GC invocations=90 (full 3):
 PSYoungGen      total 12800K, used 276K [0x00000000d5580000, 0x00000000d6380000, 0x0000000100000000)
  eden space 12288K, 0% used [0x00000000d5580000,0x00000000d5580000,0x00000000d6180000)
  from space 512K, 54% used [0x00000000d6280000,0x00000000d62c52c0,0x00000000d6300000)
  to   space 512K, 0% used [0x00000000d6300000,0x00000000d6300000,0x00000000d6380000)
 ParOldGen       total 88064K, used 87874K [0x0000000080000000, 0x0000000085600000, 0x00000000d5580000)
  object space 88064K, 99% used [0x0000000080000000,0x00000000855d0a50,0x0000000085600000)
 Metaspace       used 70861K, committed 72512K, reserved 1114112K
  class space    used 7478K, committed 8192K, reserved 1048576K
}

